<?xml version="1.0" encoding="UTF-8"?>
<testng-results skipped="0" failed="1" total="1" passed="0">
  <reporter-output>
    <line>
      <![CDATA[<div style="display:block;margin-left:10px;"><div  class="pass"><span class="pass-label">P </span>
Expected: a string containing "Take a quiz"
     Actual: was "Take a quiz" <a href="../img/takeAQuiz_1enapsgzgzs5056697.png" target="_blank">[View Screenshot]</a> </div><div  class="fail"><span class="fail-label">F </span>Timed out after 30 seconds: Wait time out for TextView for Correct 110 to be visible
Build info: version: '2.53.0', revision: '35ae25b1534ae328c771e0856c93e187490ca824', time: '2016-03-15 10:43:46'
System info: host: 'ICPL11544', ip: '192.168.32.2', os.name: 'Windows 8', os.arch: 'amd64', os.version: '6.2', java.version: '1.7.0_51'
Driver info: driver.version: unknown <a href="../img/takeAQuiz_weog2ag4phb656698.png" target="_blank">[View Screenshot]</a> </div></div>]]>
    </line>
  </reporter-output>
  <suite name="Default suite" duration-ms="99526" started-at="2017-05-24T12:02:25Z" finished-at="2017-05-24T12:04:05Z">
    <groups>
    </groups>
    <test name="Default test" duration-ms="99526" started-at="2017-05-24T12:02:25Z" finished-at="2017-05-24T12:04:05Z">
      <class name="com.act_test.Test.ActTest">
        <test-method status="PASS" signature="setupSuit(org.testng.ITestContext)[pri:0, instance:com.act_test.Test.ActTest@72083f05]" name="setupSuit" is-config="true" duration-ms="19" started-at="2017-05-24T17:32:25Z" finished-at="2017-05-24T17:32:25Z">
          <params>
            <param index="0">
              <value>
                <![CDATA[org.testng.TestRunner@45e1cea9]]>
              </value>
            </param>
          </params>
          <reporter-output>
          </reporter-output>
        </test-method> <!-- setupSuit -->
        <test-method status="PASS" signature="setupTest(org.testng.ITestContext)[pri:0, instance:com.act_test.Test.ActTest@72083f05]" name="setupTest" is-config="true" duration-ms="2" started-at="2017-05-24T17:32:25Z" finished-at="2017-05-24T17:32:25Z">
          <params>
            <param index="0">
              <value>
                <![CDATA[org.testng.TestRunner@45e1cea9]]>
              </value>
            </param>
          </params>
          <reporter-output>
          </reporter-output>
        </test-method> <!-- setupTest -->
        <test-method status="PASS" signature="setup(org.testng.ITestContext)[pri:0, instance:com.act_test.Test.ActTest@72083f05]" name="setup" is-config="true" duration-ms="6" started-at="2017-05-24T17:32:25Z" finished-at="2017-05-24T17:32:25Z">
          <params>
            <param index="0">
              <value>
                <![CDATA[org.testng.TestRunner@45e1cea9]]>
              </value>
            </param>
          </params>
          <reporter-output>
          </reporter-output>
        </test-method> <!-- setup -->
        <test-method status="PASS" signature="setupMethod(java.lang.reflect.Method, org.testng.ITestContext)[pri:0, instance:com.act_test.Test.ActTest@72083f05]" name="setupMethod" is-config="true" duration-ms="2" started-at="2017-05-24T17:32:25Z" finished-at="2017-05-24T17:32:25Z">
          <params>
            <param index="0">
              <value>
                <![CDATA[public void com.act_test.Test.ActTest.takeAQuiz() throws java.lang.InterruptedException]]>
              </value>
            </param>
            <param index="1">
              <value>
                <![CDATA[org.testng.TestRunner@45e1cea9]]>
              </value>
            </param>
          </params>
          <reporter-output>
          </reporter-output>
        </test-method> <!-- setupMethod -->
        <test-method status="FAIL" signature="takeAQuiz()[pri:2, instance:com.act_test.Test.ActTest@72083f05]" name="takeAQuiz" duration-ms="97754" started-at="2017-05-24T17:32:25Z" description="TC_2 " finished-at="2017-05-24T17:34:03Z">
          <exception class="org.openqa.selenium.TimeoutException">
            <message>
              <![CDATA[Timed out after 30 seconds: Wait time out for TextView for Correct 110 to be visible
Build info: version: '2.53.0', revision: '35ae25b1534ae328c771e0856c93e187490ca824', time: '2016-03-15 10:43:46'
System info: host: 'ICPL11544', ip: '192.168.32.2', os.name: 'Windows 8', os.arch: 'amd64', os.version: '6.2', java.version: '1.7.0_51'
Driver info: driver.version: unknown]]>
            </message>
            <full-stacktrace>
              <![CDATA[org.openqa.selenium.TimeoutException: Timed out after 30 seconds: Wait time out for TextView for Correct 110 to be visible
Build info: version: '2.53.0', revision: '35ae25b1534ae328c771e0856c93e187490ca824', time: '2016-03-15 10:43:46'
System info: host: 'ICPL11544', ip: '192.168.32.2', os.name: 'Windows 8', os.arch: 'amd64', os.version: '6.2', java.version: '1.7.0_51'
Driver info: driver.version: unknown
	at org.openqa.selenium.support.ui.FluentWait.timeoutException(FluentWait.java:292)
	at org.openqa.selenium.support.ui.FluentWait.until(FluentWait.java:261)
	at com.qmetry.qaf.automation.ui.webdriver.QAFExtendedWebElement.waitForVisible(QAFExtendedWebElement.java:478)
	at com.act_test.Pages.AttemptquestionsTestPage.verifyResult(AttemptquestionsTestPage.java:79)
	at com.act_test.Test.ActTest.takeAQuiz(ActTest.java:45)
	at sun.reflect.NativeMethodAccessorImpl.invoke0(Native Method)
	at sun.reflect.NativeMethodAccessorImpl.invoke(NativeMethodAccessorImpl.java:57)
	at sun.reflect.DelegatingMethodAccessorImpl.invoke(DelegatingMethodAccessorImpl.java:43)
	at java.lang.reflect.Method.invoke(Method.java:606)
	at org.testng.internal.MethodInvocationHelper.invokeMethod(MethodInvocationHelper.java:86)
	at org.testng.internal.Invoker.invokeMethod(Invoker.java:643)
	at org.testng.internal.Invoker.invokeTestMethod(Invoker.java:820)
	at org.testng.internal.Invoker.invokeTestMethods(Invoker.java:1128)
	at org.testng.internal.TestMethodWorker.invokeTestMethods(TestMethodWorker.java:129)
	at org.testng.internal.TestMethodWorker.run(TestMethodWorker.java:112)
	at org.testng.TestRunner.privateRun(TestRunner.java:805)
	at org.testng.TestRunner.run(TestRunner.java:655)
	at org.testng.SuiteRunner.runTest(SuiteRunner.java:366)
	at org.testng.SuiteRunner.runSequentially(SuiteRunner.java:361)
	at org.testng.SuiteRunner.privateRun(SuiteRunner.java:319)
	at org.testng.SuiteRunner.run(SuiteRunner.java:268)
	at org.testng.SuiteRunnerWorker.runSuite(SuiteRunnerWorker.java:52)
	at org.testng.SuiteRunnerWorker.run(SuiteRunnerWorker.java:86)
	at org.testng.TestNG.runSuitesSequentially(TestNG.java:1244)
	at org.testng.TestNG.runSuitesLocally(TestNG.java:1169)
	at org.testng.TestNG.run(TestNG.java:1064)
	at org.testng.remote.AbstractRemoteTestNG.run(AbstractRemoteTestNG.java:132)
	at org.testng.remote.RemoteTestNG.initAndRun(RemoteTestNG.java:236)
	at org.testng.remote.RemoteTestNG.main(RemoteTestNG.java:81)
Caused by: org.openqa.selenium.TimeoutException: Timed out after 30 seconds waiting for presence of element located by: By.id: com.jquiz.act:id/tvTitle
Build info: version: '2.53.0', revision: '35ae25b1534ae328c771e0856c93e187490ca824', time: '2016-03-15 10:43:46'
System info: host: 'ICPL11544', ip: '192.168.32.2', os.name: 'Windows 8', os.arch: 'amd64', os.version: '6.2', java.version: '1.7.0_51'
Driver info: driver.version: QAFExtendedWebDriver
	at org.openqa.selenium.support.ui.FluentWait.timeoutException(FluentWait.java:292)
	at org.openqa.selenium.support.ui.FluentWait.until(FluentWait.java:261)
	at com.qmetry.qaf.automation.ui.webdriver.QAFExtendedWebDriver.load(QAFExtendedWebDriver.java:214)
	at com.qmetry.qaf.automation.ui.webdriver.QAFExtendedWebElement.load(QAFExtendedWebElement.java:284)
	at com.qmetry.qaf.automation.ui.webdriver.QAFExtendedWebElement.getId(QAFExtendedWebElement.java:294)
	at com.qmetry.qaf.automation.ui.webdriver.QAFExtendedWebElement.isDisplayed(QAFExtendedWebElement.java:314)
	at com.qmetry.qaf.automation.ui.util.QAFWebElementExpectedConditions$1.apply(QAFWebElementExpectedConditions.java:46)
	at com.qmetry.qaf.automation.ui.util.QAFWebElementExpectedConditions$1.apply(QAFWebElementExpectedConditions.java:1)
	at org.openqa.selenium.support.ui.FluentWait.until(FluentWait.java:238)
	... 27 more
Caused by: org.openqa.selenium.NoSuchElementException: An element could not be located on the page using the given search parameters. (WARNING: The server did not provide any stacktrace information)
Command duration or timeout: 54 milliseconds
For documentation on this error, please visit: http://seleniumhq.org/exceptions/no_such_element.html
Build info: version: '2.53.0', revision: '35ae25b1534ae328c771e0856c93e187490ca824', time: '2016-03-15 10:43:46'
System info: host: 'ICPL11544', ip: '192.168.32.2', os.name: 'Windows 8', os.arch: 'amd64', os.version: '6.2', java.version: '1.7.0_51'
*** Element info: {Using=id, value=com.jquiz.act:id/tvTitle}
Session ID: 0de9e8ba-bd9e-4b1d-bd9d-19f76bea6585
Driver info: com.qmetry.qaf.automation.ui.webdriver.QAFExtendedWebDriver
Capabilities [{automationName=Appium, platform=LINUX, javascriptEnabled=true, driver.class=io.appium.java_client.android.AndroidDriver, appActivity=com.jquiz.act.StartActivity, browserName=Android, networkConnectionEnabled=true, desired={automationName=Appium, newCommandTimeout=1000, cssSelectorsEnabled=true, javascriptEnabled=true, deviceName=emulator-5554, platformName=Android, driver.class=io.appium.java_client.android.AndroidDriver, appActivity=com.jquiz.act.StartActivity, appium-version=3.3.0, browser_name=, appPackage=com.jquiz.act, takesScreenshot=true}, locationContextEnabled=false, appPackage=com.jquiz.act, newCommandTimeout=1000, platformVersion=4.3, cssSelectorsEnabled=true, databaseEnabled=false, deviceName=192.168.32.101:5555, platformName=Android, appium-version=3.3.0, browser_name=, webStorageEnabled=false, warnings={}, takesScreenshot=true}]
	at sun.reflect.GeneratedConstructorAccessor16.newInstance(Unknown Source)
	at sun.reflect.DelegatingConstructorAccessorImpl.newInstance(DelegatingConstructorAccessorImpl.java:45)
	at java.lang.reflect.Constructor.newInstance(Constructor.java:526)
	at org.openqa.selenium.remote.ErrorHandler.createThrowable(ErrorHandler.java:206)
	at org.openqa.selenium.remote.ErrorHandler.throwIfResponseFailed(ErrorHandler.java:158)
	at org.openqa.selenium.remote.RemoteWebDriver.execute(RemoteWebDriver.java:678)
	at com.qmetry.qaf.automation.ui.webdriver.QAFExtendedWebDriver.execute(QAFExtendedWebDriver.java:234)
	at org.openqa.selenium.remote.RemoteWebDriver.findElement(RemoteWebDriver.java:363)
	at org.openqa.selenium.remote.RemoteWebDriver.findElementById(RemoteWebDriver.java:413)
	at com.qmetry.qaf.automation.ui.webdriver.QAFExtendedWebDriver.findElementById(QAFExtendedWebDriver.java:371)
	at com.qmetry.qaf.automation.ui.webdriver.QAFExtendedWebDriver.findElementById(QAFExtendedWebDriver.java:1)
	at org.openqa.selenium.By$ById.findElement(By.java:218)
	at org.openqa.selenium.remote.RemoteWebDriver.findElement(RemoteWebDriver.java:355)
	at com.qmetry.qaf.automation.ui.webdriver.QAFExtendedWebDriver.findElement(QAFExtendedWebDriver.java:169)
	at com.qmetry.qaf.automation.ui.webdriver.QAFExtendedWebDriver.findElement(QAFExtendedWebDriver.java:1)
	at org.openqa.selenium.support.ui.ExpectedConditions.findElement(ExpectedConditions.java:911)
	at org.openqa.selenium.support.ui.ExpectedConditions.access$000(ExpectedConditions.java:41)
	at org.openqa.selenium.support.ui.ExpectedConditions$6.apply(ExpectedConditions.java:181)
	at org.openqa.selenium.support.ui.ExpectedConditions$6.apply(ExpectedConditions.java:178)
	at org.openqa.selenium.support.ui.FluentWait.until(FluentWait.java:238)
	... 34 more
]]>
            </full-stacktrace>
          </exception> <!-- org.openqa.selenium.TimeoutException -->
          <reporter-output>
            <line>
              <![CDATA[<div style="display:block;margin-left:10px;"><div  class="pass"><span class="pass-label">P </span>
Expected: a string containing "Take a quiz"
     Actual: was "Take a quiz" <a href="../img/takeAQuiz_1enapsgzgzs5056697.png" target="_blank">[View Screenshot]</a> </div><div  class="fail"><span class="fail-label">F </span>Timed out after 30 seconds: Wait time out for TextView for Correct 110 to be visible
Build info: version: '2.53.0', revision: '35ae25b1534ae328c771e0856c93e187490ca824', time: '2016-03-15 10:43:46'
System info: host: 'ICPL11544', ip: '192.168.32.2', os.name: 'Windows 8', os.arch: 'amd64', os.version: '6.2', java.version: '1.7.0_51'
Driver info: driver.version: unknown <a href="../img/takeAQuiz_weog2ag4phb656698.png" target="_blank">[View Screenshot]</a> </div></div>]]>
            </line>
          </reporter-output>
        </test-method> <!-- takeAQuiz -->
        <test-method status="PASS" signature="afterMethod(org.testng.ITestContext, org.testng.ITestResult)[pri:0, instance:com.act_test.Test.ActTest@72083f05]" name="afterMethod" is-config="true" duration-ms="1" started-at="2017-05-24T17:34:04Z" finished-at="2017-05-24T17:34:04Z">
          <params>
            <param index="0">
              <value>
                <![CDATA[org.testng.TestRunner@45e1cea9]]>
              </value>
            </param>
            <param index="1">
              <value>
                <![CDATA[[TestResult name=takeAQuiz status=FAILURE method=ActTest.takeAQuiz()[pri:2, instance:com.act_test.Test.ActTest@72083f05] output=<div style="display:block;margin-left:10px;"><div  class="pass"><span class="pass-label">P </span>
Expected: a string containing "Take a quiz"
     Actual: was "Take a quiz" <a href="../img/takeAQuiz_1enapsgzgzs5056697.png" target="_blank">[View Screenshot]</a> </div><div  class="fail"><span class="fail-label">F </span>Timed out after 30 seconds: Wait time out for TextView for Correct 110 to be visible
Build info: version: '2.53.0', revision: '35ae25b1534ae328c771e0856c93e187490ca824', time: '2016-03-15 10:43:46'
System info: host: 'ICPL11544', ip: '192.168.32.2', os.name: 'Windows 8', os.arch: 'amd64', os.version: '6.2', java.version: '1.7.0_51'
Driver info: driver.version: unknown <a href="../img/takeAQuiz_weog2ag4phb656698.png" target="_blank">[View Screenshot]</a> </div></div>]]]>
              </value>
            </param>
          </params>
          <reporter-output>
          </reporter-output>
        </test-method> <!-- afterMethod -->
        <test-method status="PASS" signature="afterClass(org.testng.ITestContext)[pri:0, instance:com.act_test.Test.ActTest@72083f05]" name="afterClass" is-config="true" duration-ms="1" started-at="2017-05-24T17:34:04Z" finished-at="2017-05-24T17:34:04Z">
          <params>
            <param index="0">
              <value>
                <![CDATA[org.testng.TestRunner@45e1cea9]]>
              </value>
            </param>
          </params>
          <reporter-output>
          </reporter-output>
        </test-method> <!-- afterClass -->
        <test-method status="PASS" signature="afterTest(org.testng.ITestContext)[pri:0, instance:com.act_test.Test.ActTest@72083f05]" name="afterTest" is-config="true" duration-ms="622" started-at="2017-05-24T17:34:04Z" finished-at="2017-05-24T17:34:05Z">
          <params>
            <param index="0">
              <value>
                <![CDATA[org.testng.TestRunner@45e1cea9]]>
              </value>
            </param>
          </params>
          <reporter-output>
          </reporter-output>
        </test-method> <!-- afterTest -->
        <test-method status="PASS" signature="afterSuit(org.testng.ITestContext)[pri:0, instance:com.act_test.Test.ActTest@72083f05]" name="afterSuit" is-config="true" duration-ms="2" started-at="2017-05-24T17:34:05Z" finished-at="2017-05-24T17:34:05Z">
          <params>
            <param index="0">
              <value>
                <![CDATA[org.testng.TestRunner@45e1cea9]]>
              </value>
            </param>
          </params>
          <reporter-output>
          </reporter-output>
        </test-method> <!-- afterSuit -->
      </class> <!-- com.act_test.Test.ActTest -->
    </test> <!-- Default test -->
  </suite> <!-- Default suite -->
</testng-results>
